<?xml version="1.0" encoding="UTF-8"?>
<testng-results ignored="0" total="1" passed="1" failed="0" skipped="0">
  <reporter-output>
  </reporter-output>
  <suite started-at="2024-03-01T15:18:59 IST" name="Default suite" finished-at="2024-03-01T15:20:01 IST" duration-ms="61960">
    <groups>
    </groups>
    <test started-at="2024-03-01T15:18:59 IST" name="Default test" finished-at="2024-03-01T15:20:01 IST" duration-ms="61960">
      <class name="oneInfinity.SignUpPage.GetExcelDataTest">
        <test-method is-config="true" signature="setUp()[pri:0, instance:oneInfinity.SignUpPage.GetExcelDataTest@618b19ad]" started-at="2024-03-01T15:18:59 IST" name="setUp" finished-at="2024-03-01T15:19:35 IST" duration-ms="36619" status="PASS">
          <reporter-output>
          </reporter-output>
        </test-method> <!-- setUp -->
        <test-method signature="testSignUpWithExcelData()[pri:0, instance:oneInfinity.SignUpPage.GetExcelDataTest@618b19ad]" started-at="2024-03-01T15:19:35 IST" name="testSignUpWithExcelData" finished-at="2024-03-01T15:20:00 IST" duration-ms="24899" status="PASS">
          <reporter-output>
          </reporter-output>
        </test-method> <!-- testSignUpWithExcelData -->
        <test-method is-config="true" signature="tearDown()[pri:0, instance:oneInfinity.SignUpPage.GetExcelDataTest@618b19ad]" started-at="2024-03-01T15:20:00 IST" name="tearDown" finished-at="2024-03-01T15:20:01 IST" duration-ms="363" status="PASS">
          <reporter-output>
          </reporter-output>
        </test-method> <!-- tearDown -->
      </class> <!-- oneInfinity.SignUpPage.GetExcelDataTest -->
    </test> <!-- Default test -->
  </suite> <!-- Default suite -->
</testng-results>
